<?xml version="1.0" encoding="UTF-8"?>
<!-- Generated by org.testng.reporters.JUnitReportReporter -->
<testsuite hostname="DEFRAVD614277" name="com.db.ALMMethodsImplementers.UnitTestActivity" tests="1" failures="0" timestamp="7 Nov 2018 22:14:44 GMT" time="0.769" errors="0">
  <testcase name="loginTest" time="0.769" classname="com.db.ALMMethodsImplementers.UnitTestActivity"/>
</testsuite> <!-- com.db.ALMMethodsImplementers.UnitTestActivity -->
