<?xml version="1.0" encoding="UTF-8"?>
<!-- Generated by org.testng.reporters.JUnitReportReporter -->
<testsuite hostname="DEFRAVD614277" name="com.test.TestBuild.DefectEngine" tests="1" failures="0" timestamp="25 Aug 2018 10:35:26 GMT" time="2.070" errors="0">
  <testcase name="readAndPrepareDefectXml" time="2.070" classname="com.test.TestBuild.DefectEngine"/>
</testsuite> <!-- com.test.TestBuild.DefectEngine -->
