<?xml version="1.0" encoding="UTF-8"?>
<!-- Generated by org.testng.reporters.JUnitReportReporter -->
<testsuite hostname="DEFRAVD614277" name="com.test.ALMMethodsImplementers.TestActivity" tests="1" failures="0" timestamp="16 Oct 2018 11:48:49 GMT" time="2.054" errors="0">
  <testcase name="loginTest" time="2.054" classname="com.test.ALMMethodsImplementers.TestActivity"/>
</testsuite> <!-- com.test.ALMMethodsImplementers.TestActivity -->
