<?xml version="1.0" encoding="UTF-8"?>
<!-- Generated by org.testng.reporters.JUnitReportReporter -->
<testsuite hostname="DEFRAVD614277" name="com.test.TestBuild.OTCTestDefect" tests="1" failures="0" timestamp="29 Aug 2018 20:01:49 GMT" time="0.128" errors="0">
  <testcase name="readReportExcel" time="0.128" classname="com.test.TestBuild.OTCTestDefect"/>
</testsuite> <!-- com.test.TestBuild.OTCTestDefect -->
